<?xml version="1.0" encoding="UTF-8"?>
<testng-results ignored="0" total="1" passed="1" failed="0" skipped="0">
  <reporter-output>
  </reporter-output>
  <suite started-at="2024-03-06T20:17:20 IST" name="Default suite" finished-at="2024-03-06T20:18:06 IST" duration-ms="45725">
    <groups>
    </groups>
    <test started-at="2024-03-06T20:17:20 IST" name="Default test" finished-at="2024-03-06T20:18:06 IST" duration-ms="45725">
      <class name="Data_Driven.Register">
        <test-method signature="Register([Ljava.lang.String;)[pri:0, instance:Data_Driven.Register@3feb2dda]" started-at="2024-03-06T20:17:22 IST" name="Register" data-provider="Login" finished-at="2024-03-06T20:18:06 IST" duration-ms="43791" status="PASS">
          <params>
            <param index="0">
              <value>
                <![CDATA[[Ljava.lang.String;@704641e3]]>
              </value>
            </param>
          </params>
          <reporter-output>
          </reporter-output>
        </test-method> <!-- Register -->
      </class> <!-- Data_Driven.Register -->
    </test> <!-- Default test -->
  </suite> <!-- Default suite -->
</testng-results>
